<?xml version="1.0" encoding="UTF-8"?>
<!-- Generated by org.testng.reporters.JUnitXMLReporter -->
<testsuite hostname="ws-5695" ignored="0" name="Free CRM App Test Cases" tests="4" failures="0" timestamp="30 Dec 2019 11:12:59 GMT" time="187.065" errors="0">
  <testcase name="clickCompaniesLinkTest" time="3.367" classname="org.crm.qa.testcases.MainPageTest"/>
  <testcase name="clickContactsLinkTest" time="3.817" classname="org.crm.qa.testcases.MainPageTest"/>
  <testcase name="verifyLogoTest" time="1.767" classname="org.crm.qa.testcases.MainPageTest"/>
  <testcase name="verifyPageTitleTest" time="0.014" classname="org.crm.qa.testcases.MainPageTest"/>
</testsuite> <!-- Free CRM App Test Cases -->
