<?xml version="1.0" encoding="UTF-8"?>
<!-- Generated by org.testng.reporters.JUnitXMLReporter -->
<testsuite hostname="ws-5695" ignored="0" name="hub spot sanity Test" tests="9" failures="0" timestamp="30 Dec 2019 15:49:21 GMT" time="235.123" errors="0">
  <testcase name="checkLinkIsEnabledTest" time="0.085" classname="org.crm.qa.testcases.LoginPageTest"/>
  <testcase name="getTitelOfThePageTest" time="0.011" classname="org.crm.qa.testcases.LoginPageTest"/>
  <testcase name="loginOperationTest" time="0.913" classname="org.crm.qa.testcases.LoginPageTest"/>
  <testcase name="clickCompaniesLinkTest" time="9.548" classname="org.crm.qa.testcases.MainPageTest"/>
  <testcase name="clickContactsLinkTest" time="7.325" classname="org.crm.qa.testcases.MainPageTest"/>
  <testcase name="verifyLogoTest" time="5.062" classname="org.crm.qa.testcases.MainPageTest"/>
  <testcase name="verifyPageTitleTest" time="0.017" classname="org.crm.qa.testcases.MainPageTest"/>
  <testcase name="createNewContactTest" time="4.504" classname="org.crm.qa.testcases.ContactsPageTest"/>
  <testcase name="createNewContactTest" time="6.496" classname="org.crm.qa.testcases.ContactsPageTest"/>
</testsuite> <!-- hub spot sanity Test -->
